<?xml version="1.0" encoding="UTF-8"?>
<testng-results ignored="0" total="1" passed="1" failed="0" skipped="0">
  <reporter-output>
    <line>
      <![CDATA[The give data present in Web is : Leave Types]]>
    </line>
  </reporter-output>
  <suite started-at="2025-07-24T15:35:07 IST" name="Failed suite [Suite]" finished-at="2025-07-24T15:35:19 IST" duration-ms="11186">
    <groups>
    </groups>
    <test started-at="2025-07-24T15:35:07 IST" name="Test(failed)" finished-at="2025-07-24T15:35:19 IST" duration-ms="11186">
      <class name="section3.LeaveVerification">
        <test-method is-config="true" signature="confiBC()[pri:0, instance:section3.LeaveVerification@6d3a388c]" started-at="2025-07-24T15:35:07 IST" name="confiBC" finished-at="2025-07-24T15:35:12 IST" duration-ms="4551" status="PASS">
          <reporter-output>
          </reporter-output>
        </test-method> <!-- confiBC -->
        <test-method is-config="true" signature="configBM()[pri:0, instance:section3.LeaveVerification@6d3a388c]" started-at="2025-07-24T15:35:12 IST" name="configBM" finished-at="2025-07-24T15:35:13 IST" duration-ms="618" status="PASS">
          <reporter-output>
          </reporter-output>
        </test-method> <!-- configBM -->
        <test-method signature="leaveValidation()[pri:0, instance:section3.LeaveVerification@6d3a388c]" started-at="2025-07-24T15:35:13 IST" name="leaveValidation" finished-at="2025-07-24T15:35:18 IST" duration-ms="4918" status="PASS">
          <reporter-output>
            <line>
              <![CDATA[The give data present in Web is : Leave Types]]>
            </line>
          </reporter-output>
        </test-method> <!-- leaveValidation -->
        <test-method is-config="true" signature="configAM()[pri:0, instance:section3.LeaveVerification@6d3a388c]" started-at="2025-07-24T15:35:18 IST" name="configAM" finished-at="2025-07-24T15:35:18 IST" duration-ms="834" status="PASS">
          <reporter-output>
          </reporter-output>
        </test-method> <!-- configAM -->
        <test-method is-config="true" signature="configAC()[pri:0, instance:section3.LeaveVerification@6d3a388c]" started-at="2025-07-24T15:35:18 IST" name="configAC" finished-at="2025-07-24T15:35:19 IST" duration-ms="224" status="PASS">
          <reporter-output>
          </reporter-output>
        </test-method> <!-- configAC -->
      </class> <!-- section3.LeaveVerification -->
    </test> <!-- Test(failed) -->
  </suite> <!-- Failed suite [Suite] -->
</testng-results>
